# JRE version: OpenJDK Runtime Environment (8.0_382-b05) (build 1.8.0_382-b05)
# Java VM: OpenJDK 64-Bit Server VM (25.382-b05 mixed mode windows-amd64 compressed oops)
Heap:
 PSYoungGen      total 138240K, used 8456K [0x000000076da00000, 0x000000077e800000, 0x00000007c0000000)
  eden space 128000K, 6% used [0x000000076da00000,0x000000076e242008,0x0000000775700000)
  from space 10240K, 0% used [0x0000000775700000,0x0000000775700000,0x0000000776100000)
  to   space 10240K, 0% used [0x000000077de00000,0x000000077de00000,0x000000077e800000)
 ParOldGen       total 120832K, used 17685K [0x00000006c8e00000, 0x00000006d0400000, 0x000000076da00000)
  object space 120832K, 14% used [0x00000006c8e00000,0x00000006c9f45750,0x00000006d0400000)
 Metaspace       used 21769K, capacity 22046K, committed 22400K, reserved 1069056K
  class space    used 2753K, capacity 2857K, committed 2944K, reserved 1048576K
GC Heap History (8 events):
Event: 1.059 GC heap before
{Heap before GC invocations=1 (full 0):
 PSYoungGen      total 74240K, used 64000K [0x000000076da00000, 0x0000000772c80000, 0x00000007c0000000)
  eden space 64000K, 100% used [0x000000076da00000,0x0000000771880000,0x0000000771880000)
  from space 10240K, 0% used [0x0000000772280000,0x0000000772280000,0x0000000772c80000)
  to   space 10240K, 0% used [0x0000000771880000,0x0000000771880000,0x0000000772280000)
 ParOldGen       total 169472K, used 0K [0x00000006c8e00000, 0x00000006d3380000, 0x000000076da00000)
  object space 169472K, 0% used [0x00000006c8e00000,0x00000006c8e00000,0x00000006d3380000)
 Metaspace       used 10009K, capacity 10196K, committed 10368K, reserved 1058816K
  class space    used 1195K, capacity 1288K, committed 1408K, reserved 1048576K
Event: 1.070 GC heap after
Heap after GC invocations=1 (full 0):
 PSYoungGen      total 74240K, used 10234K [0x000000076da00000, 0x0000000776b00000, 0x00000007c0000000)
  eden space 64000K, 0% used [0x000000076da00000,0x000000076da00000,0x0000000771880000)
  from space 10240K, 99% used [0x0000000771880000,0x000000077227e928,0x0000000772280000)
  to   space 10240K, 0% used [0x0000000776100000,0x0000000776100000,0x0000000776b00000)
 ParOldGen       total 169472K, used 3929K [0x00000006c8e00000, 0x00000006d3380000, 0x000000076da00000)
  object space 169472K, 2% used [0x00000006c8e00000,0x00000006c91d6770,0x00000006d3380000)
 Metaspace       used 10009K, capacity 10196K, committed 10368K, reserved 1058816K
  class space    used 1195K, capacity 1288K, committed 1408K, reserved 1048576K
}
Event: 1.935 GC heap before
{Heap before GC invocations=2 (full 0):
 PSYoungGen      total 74240K, used 74234K [0x000000076da00000, 0x0000000776b00000, 0x00000007c0000000)
  eden space 64000K, 100% used [0x000000076da00000,0x0000000771880000,0x0000000771880000)
  from space 10240K, 99% used [0x0000000771880000,0x000000077227e928,0x0000000772280000)
  to   space 10240K, 0% used [0x0000000776100000,0x0000000776100000,0x0000000776b00000)
 ParOldGen       total 169472K, used 3929K [0x00000006c8e00000, 0x00000006d3380000, 0x000000076da00000)
  object space 169472K, 2% used [0x00000006c8e00000,0x00000006c91d6770,0x00000006d3380000)
 Metaspace       used 17185K, capacity 17398K, committed 17664K, reserved 1064960K
  class space    used 2188K, capacity 2291K, committed 2304K, reserved 1048576K
Event: 1.952 GC heap after
Heap after GC invocations=2 (full 0):
 PSYoungGen      total 138240K, used 10227K [0x000000076da00000, 0x0000000776b00000, 0x00000007c0000000)
  eden space 128000K, 0% used [0x000000076da00000,0x000000076da00000,0x0000000775700000)
  from space 10240K, 99% used [0x0000000776100000,0x0000000776afcf88,0x0000000776b00000)
  to   space 10240K, 0% used [0x0000000775700000,0x0000000775700000,0x0000000776100000)
 ParOldGen       total 169472K, used 12261K [0x00000006c8e00000, 0x00000006d3380000, 0x000000076da00000)
  object space 169472K, 7% used [0x00000006c8e00000,0x00000006c99f9770,0x00000006d3380000)
 Metaspace       used 17185K, capacity 17398K, committed 17664K, reserved 1064960K
  class space    used 2188K, capacity 2291K, committed 2304K, reserved 1048576K
}
Event: 2.779 GC heap before
{Heap before GC invocations=3 (full 0):
 PSYoungGen      total 138240K, used 56927K [0x000000076da00000, 0x0000000776b00000, 0x00000007c0000000)
  eden space 128000K, 36% used [0x000000076da00000,0x000000077079aeb0,0x0000000775700000)
  from space 10240K, 99% used [0x0000000776100000,0x0000000776afcf88,0x0000000776b00000)
  to   space 10240K, 0% used [0x0000000775700000,0x0000000775700000,0x0000000776100000)
 ParOldGen       total 169472K, used 12261K [0x00000006c8e00000, 0x00000006d3380000, 0x000000076da00000)
  object space 169472K, 7% used [0x00000006c8e00000,0x00000006c99f9770,0x00000006d3380000)
 Metaspace       used 20876K, capacity 21086K, committed 21248K, reserved 1067008K
  class space    used 2645K, capacity 2729K, committed 2816K, reserved 1048576K
Event: 2.795 GC heap after
Heap after GC invocations=3 (full 0):
 PSYoungGen      total 138240K, used 10208K [0x000000076da00000, 0x000000077e800000, 0x00000007c0000000)
  eden space 128000K, 0% used [0x000000076da00000,0x000000076da00000,0x0000000775700000)
  from space 10240K, 99% used [0x0000000775700000,0x00000007760f8050,0x0000000776100000)
  to   space 10240K, 0% used [0x000000077de00000,0x000000077de00000,0x000000077e800000)
 ParOldGen       total 169472K, used 18045K [0x00000006c8e00000, 0x00000006d3380000, 0x000000076da00000)
  object space 169472K, 10% used [0x00000006c8e00000,0x00000006c9f9f748,0x00000006d3380000)
 Metaspace       used 20876K, capacity 21086K, committed 21248K, reserved 1067008K
  class space    used 2645K, capacity 2729K, committed 2816K, reserved 1048576K
}
Event: 2.795 GC heap before
{Heap before GC invocations=4 (full 1):
 PSYoungGen      total 138240K, used 10208K [0x000000076da00000, 0x000000077e800000, 0x00000007c0000000)
  eden space 128000K, 0% used [0x000000076da00000,0x000000076da00000,0x0000000775700000)
  from space 10240K, 99% used [0x0000000775700000,0x00000007760f8050,0x0000000776100000)
  to   space 10240K, 0% used [0x000000077de00000,0x000000077de00000,0x000000077e800000)
 ParOldGen       total 169472K, used 18045K [0x00000006c8e00000, 0x00000006d3380000, 0x000000076da00000)
  object space 169472K, 10% used [0x00000006c8e00000,0x00000006c9f9f748,0x00000006d3380000)
 Metaspace       used 20876K, capacity 21086K, committed 21248K, reserved 1067008K
  class space    used 2645K, capacity 2729K, committed 2816K, reserved 1048576K
Event: 2.835 GC heap after
Heap after GC invocations=4 (full 1):
 PSYoungGen      total 138240K, used 0K [0x000000076da00000, 0x000000077e800000, 0x00000007c0000000)
  eden space 128000K, 0% used [0x000000076da00000,0x000000076da00000,0x0000000775700000)
  from space 10240K, 0% used [0x0000000775700000,0x0000000775700000,0x0000000776100000)
  to   space 10240K, 0% used [0x000000077de00000,0x000000077de00000,0x000000077e800000)
 ParOldGen       total 120832K, used 17685K [0x00000006c8e00000, 0x00000006d0400000, 0x000000076da00000)
  object space 120832K, 14% used [0x00000006c8e00000,0x00000006c9f45750,0x00000006d0400000)
 Metaspace       used 20876K, capacity 21086K, committed 21248K, reserved 1067008K
  class space    used 2645K, capacity 2729K, committed 2816K, reserved 1048576K
}

